0 verilog/src/unisims/AND2B1L.v
0 verilog/src/unisims/AUTOBUF.v
0 verilog/src/unisims/BITSLICE_CONTROL.v
0 verilog/src/unisims/BSCANE2.v
0 verilog/src/unisims/BUFCE_LEAF.v
0 verilog/src/unisims/BUFCE_ROW.v
0 verilog/src/unisims/BUFGCE.v
0 verilog/src/unisims/BUFGCTRL.v
0 verilog/src/unisims/BUFG_GT.v
0 verilog/src/unisims/BUFG_PS.v
0 verilog/src/unisims/BUFGP.v
0 verilog/src/unisims/BUFH.v
0 verilog/src/unisims/BUFMR.v
0 verilog/src/unisims/BUFR.v
0 verilog/src/unisims/BUF.v
0 verilog/src/unisims/CAPTUREE2.v
0 verilog/src/unisims/CARRY8.v
0 verilog/src/unisims/CMAC.v
0 verilog/src/unisims/DCIRESET.v
0 verilog/src/unisims/DCM_ADV.v
0 verilog/src/unisims/DNA_PORTE2.v
0 verilog/src/unisims/DNA_PORT.v
0 verilog/src/unisims/DPHY_DIFFINBUF.v
0 verilog/src/unisims/DSP48E2.v
0 verilog/src/unisims/DSP_A_B_DATA.v
0 verilog/src/unisims/DSP_ALU.v
0 verilog/src/unisims/DSP_C_DATA.v
0 verilog/src/unisims/DSP_M_DATA.v
0 verilog/src/unisims/DSP_MULTIPLIER.v
0 verilog/src/unisims/DSP_OUTPUT.v
0 verilog/src/unisims/DSP_PREADD_DATA.v
0 verilog/src/unisims/EFUSE_USR.v
0 verilog/src/unisims/FDCE.v
0 verilog/src/unisims/FDPE.v
0 verilog/src/unisims/FDRE.v
0 verilog/src/unisims/FDSE.v
0 verilog/src/unisims/FE.v
0 verilog/src/unisims/FIFO18E1.v
0 verilog/src/unisims/FIFO36E1.v
0 verilog/src/unisims/FRAME_ECCE2.v
0 verilog/src/unisims/GND.v
0 verilog/src/unisims/GTHE2_CHANNEL.v
0 verilog/src/unisims/GTHE2_COMMON.v
0 verilog/src/unisims/GTHE3_CHANNEL.v
0 verilog/src/unisims/GTHE3_COMMON.v
0 verilog/src/unisims/GTPE2_CHANNEL.v
0 verilog/src/unisims/GTPE2_COMMON.v
0 verilog/src/unisims/GTXE2_COMMON.v
0 verilog/src/unisims/GTYE3_CHANNEL.v
0 verilog/src/unisims/GTYE3_COMMON.v
0 verilog/src/unisims/HBM_ONE_STACK_INTF.v
0 verilog/src/unisims/HBM_SNGLBLI_INTF_APB.v
0 verilog/src/unisims/HBM_SNGLBLI_INTF_AXI.v
0 verilog/src/unisims/HBM_TWO_STACK_INTF.v
0 verilog/src/unisims/HPIO_VREF.v
0 verilog/src/unisims/IBUFCTRL.v
0 verilog/src/unisims/IBUFDS_DIFF_OUT_IBUFDISABLE.v
0 verilog/src/unisims/IBUFDS_DIFF_OUT_INTERMDISABLE.v
0 verilog/src/unisims/IBUFDS_DIFF_OUT.v
0 verilog/src/unisims/IBUFDS_DPHY.v
0 verilog/src/unisims/IBUFDSE3.v
0 verilog/src/unisims/IBUFDS_GTE2.v
0 verilog/src/unisims/IBUFDS_GTE3.v
0 verilog/src/unisims/IBUFDS_GTE4.v
0 verilog/src/unisims/IBUFDS_GTM.v
0 verilog/src/unisims/IBUFDS_IBUFDISABLE_INT.v
0 verilog/src/unisims/IBUFDS_IBUFDISABLE.v
0 verilog/src/unisims/IBUFDS_INTERMDISABLE_INT.v
0 verilog/src/unisims/IBUFDS_INTERMDISABLE.v
0 verilog/src/unisims/IBUFDS.v
0 verilog/src/unisims/IBUFE3.v
0 verilog/src/unisims/IBUF_IBUFDISABLE.v
0 verilog/src/unisims/IBUF_INTERMDISABLE.v
0 verilog/src/unisims/IBUF.v
0 verilog/src/unisims/IDDR_2CLK.v
0 verilog/src/unisims/IDELAYE2_FINEDELAY.v
0 verilog/src/unisims/IDELAYE2.v
0 verilog/src/unisims/IDELAYE3.v
0 verilog/src/unisims/ILKNE4.v
0 verilog/src/unisims/ILKN.v
0 verilog/src/unisims/IN_FIFO.v
0 verilog/src/unisims/INV.v
0 verilog/src/unisims/IOBUF_ANALOG.v
0 verilog/src/unisims/IOBUF_DCIEN.v
0 verilog/src/unisims/IOBUFDS_DCIEN.v
0 verilog/src/unisims/IOBUFDS_DIFF_OUT_DCIEN.v
0 verilog/src/unisims/IOBUFDS_DIFF_OUT_INTERMDISABLE.v
0 verilog/src/unisims/IOBUFDS_DIFF_OUT.v
0 verilog/src/unisims/IOBUFDSE3.v
0 verilog/src/unisims/IOBUFDS_INTERMDISABLE.v
0 verilog/src/unisims/IOBUFDS.v
0 verilog/src/unisims/IOBUFE3.v
0 verilog/src/unisims/IOBUF_INTERMDISABLE.v
0 verilog/src/unisims/IOBUF.v
0 verilog/src/unisims/ISERDESE2.v
0 verilog/src/unisims/JTAG_SIME2.v
0 verilog/src/unisims/KEEPER.v
0 verilog/src/unisims/LUT4.v
0 verilog/src/unisims/LUT5.v
0 verilog/src/unisims/LUT6_2.v
0 verilog/src/unisims/LUT6.v
0 verilog/src/unisims/MMCME2_BASE.v
0 verilog/src/unisims/MUXCY.v
0 verilog/src/unisims/MUXF7.v
0 verilog/src/unisims/MUXF8.v
0 verilog/src/unisims/OBUFDS_DPHY.v
0 verilog/src/unisims/OBUFDS_GTE3_ADV.v
0 verilog/src/unisims/OBUFDS_GTE3.v
0 verilog/src/unisims/OBUFDS_GTE4_ADV.v
0 verilog/src/unisims/OBUFDS_GTE4.v
0 verilog/src/unisims/OBUFDS_GTM_ADV.v
0 verilog/src/unisims/OBUFDS_GTM.v
0 verilog/src/unisims/OBUFDS.v
0 verilog/src/unisims/OBUFT_DCIEN.v
0 verilog/src/unisims/OBUFTDS_DCIEN.v
0 verilog/src/unisims/OBUFTDS.v
0 verilog/src/unisims/OBUFT.v
0 verilog/src/unisims/OBUF.v
0 verilog/src/unisims/ODELAYE2_FINEDELAY.v
0 verilog/src/unisims/ODELAYE2.v
0 verilog/src/unisims/ODELAYE3.v
0 verilog/src/unisims/OR2L.v
0 verilog/src/unisims/OUT_FIFO.v
0 verilog/src/unisims/PCIE_2_1.v
0 verilog/src/unisims/PCIE_3_0.v
0 verilog/src/unisims/PCIE_3_1.v
0 verilog/src/unisims/PHASER_IN_PHY.v
0 verilog/src/unisims/PHASER_IN.v
0 verilog/src/unisims/PHASER_OUT_PHY.v
0 verilog/src/unisims/PHASER_OUT.v
0 verilog/src/unisims/PHASER_REF.v
0 verilog/src/unisims/PHY_CONTROL.v
0 verilog/src/unisims/PLLE2_BASE.v
0 verilog/src/unisims/PLLE3_ADV.v
0 verilog/src/unisims/PLLE4_ADV.v
0 verilog/src/unisims/PULLDOWN.v
0 verilog/src/unisims/PULLUP.v
0 verilog/src/unisims/RAM128X1D.v
0 verilog/src/unisims/RAM128X1S.v
0 verilog/src/unisims/RAM256X1D.v
0 verilog/src/unisims/RAM256X1S.v
0 verilog/src/unisims/RAM32M16.v
0 verilog/src/unisims/RAM32M.v
0 verilog/src/unisims/RAM32X16DR8.v
0 verilog/src/unisims/RAM32X1D.v
0 verilog/src/unisims/RAM32X1S.v
0 verilog/src/unisims/RAM512X1S.v
0 verilog/src/unisims/RAM64M8.v
0 verilog/src/unisims/RAM64M.v
0 verilog/src/unisims/RAM64X1D.v
0 verilog/src/unisims/RAM64X1S.v
0 verilog/src/unisims/RAMB18E1.v
0 verilog/src/unisims/RAMB36E1.v
0 verilog/src/unisims/RAMS64E1.v
0 verilog/src/unisims/RFADC.v
0 verilog/src/unisims/RFDAC.v
0 verilog/src/unisims/RIU_OR.v
0 verilog/src/unisims/SIM_CONFIGE2.v
0 verilog/src/unisims/SIM_CONFIGE3.v
0 verilog/src/unisims/STARTUPE2.v
0 verilog/src/unisims/STARTUPE3.v
0 verilog/src/unisims/USR_ACCESSE2.v
0 verilog/src/unisims/VCC.v
0 verilog/src/unisims/XORCY.v
0 verilog/src/unisims/ZHOLD_DELAY.v
1 verilog/src/glbl.v
1 verilog/src/unisims/BIBUF.v
1 verilog/src/unisims/BUFGCE_DIV.v
1 verilog/src/unisims/BUFG_GT_SYNC.v
1 verilog/src/unisims/BUFG.v
1 verilog/src/unisims/BUFHCE.v
1 verilog/src/unisims/BUFIO.v
1 verilog/src/unisims/BUFMRCE.v
1 verilog/src/unisims/CARRY4.v
1 verilog/src/unisims/CFGLUT5.v
1 verilog/src/unisims/CMACE4.v
1 verilog/src/unisims/DCM_SP.v
1 verilog/src/unisims/DIFFINBUF.v
1 verilog/src/unisims/DSP_PREADD.v
1 verilog/src/unisims/FIFO18E2.v
1 verilog/src/unisims/FIFO36E2.v
1 verilog/src/unisims/FRAME_ECCE3.v
1 verilog/src/unisims/FRAME_ECCE4.v
1 verilog/src/unisims/GTHE4_CHANNEL.v
1 verilog/src/unisims/GTHE4_COMMON.v
1 verilog/src/unisims/GTXE2_CHANNEL.v
1 verilog/src/unisims/GTYE4_CHANNEL.v
1 verilog/src/unisims/GTYE4_COMMON.v
1 verilog/src/unisims/HARD_SYNC.v
1 verilog/src/unisims/HBM_REF_CLK.v
1 verilog/src/unisims/HSADC.v
1 verilog/src/unisims/HSDAC.v
1 verilog/src/unisims/IBUF_ANALOG.v
1 verilog/src/unisims/ICAPE2.v
1 verilog/src/unisims/ICAPE3.v
1 verilog/src/unisims/IDDRE1.v
1 verilog/src/unisims/IDDR.v
1 verilog/src/unisims/IDELAYCTRL.v
1 verilog/src/unisims/INBUF.v
1 verilog/src/unisims/ISERDESE1.v
1 verilog/src/unisims/ISERDESE3.v
1 verilog/src/unisims/ISERDES_NODELAY.v
1 verilog/src/unisims/ISERDES.v
1 verilog/src/unisims/LDCE.v
1 verilog/src/unisims/LDPE.v
1 verilog/src/unisims/LUT1.v
1 verilog/src/unisims/LUT2.v
1 verilog/src/unisims/LUT3.v
1 verilog/src/unisims/MASTER_JTAG.v
1 verilog/src/unisims/MMCME2_ADV.v
1 verilog/src/unisims/MMCME3_ADV.v
1 verilog/src/unisims/MMCME3_BASE.v
1 verilog/src/unisims/MMCME4_ADV.v
1 verilog/src/unisims/MMCME4_BASE.v
1 verilog/src/unisims/MUXF9.v
1 verilog/src/unisims/ODDRE1.v
1 verilog/src/unisims/ODDR.v
1 verilog/src/unisims/OSERDESE1.v
1 verilog/src/unisims/OSERDESE2.v
1 verilog/src/unisims/OSERDESE3.v
1 verilog/src/unisims/OSERDES.v
1 verilog/src/unisims/PCIE40E4.v
1 verilog/src/unisims/PCIE4CE4.v
1 verilog/src/unisims/PLLE2_ADV.v
1 verilog/src/unisims/PLLE3_BASE.v
1 verilog/src/unisims/PLLE4_BASE.v
1 verilog/src/unisims/PS7.v
1 verilog/src/unisims/PS8.v
1 verilog/src/unisims/RAM64X8SW.v
1 verilog/src/unisims/RAMB18E2.v
1 verilog/src/unisims/RAMB36E2.v
1 verilog/src/unisims/RAMD32M64.v
1 verilog/src/unisims/RAMD32.v
1 verilog/src/unisims/RAMD64E.v
1 verilog/src/unisims/RAMS32.v
1 verilog/src/unisims/RAMS64E.v
1 verilog/src/unisims/RX_BITSLICE.v
1 verilog/src/unisims/RXTX_BITSLICE.v
1 verilog/src/unisims/SRL16E.v
1 verilog/src/unisims/SRLC16E.v
1 verilog/src/unisims/SRLC32E.v
1 verilog/src/unisims/SYSMONE1.v
1 verilog/src/unisims/SYSMONE4.v
1 verilog/src/unisims/TX_BITSLICE_TRI.v
1 verilog/src/unisims/TX_BITSLICE.v
1 verilog/src/unisims/URAM288_BASE.v
1 verilog/src/unisims/URAM288.v
1 verilog/src/unisims/VCU.v
1 verilog/src/unisims/XADC.v
134 verilog/src/unisims/DSP48E1.v
