      1 syntax error, rejected "always" (https://github.com/google/verible).
      1 syntax error, rejected ":" (https://github.com/google/verible).
      2 syntax error, rejected "buf" (https://github.com/google/verible).
      2 syntax error, rejected "endtask" (https://github.com/google/verible).
      4 syntax error, rejected "<" (https://github.com/google/verible).
      5 syntax error, rejected ";" (https://github.com/google/verible).
      6 syntax error, rejected "pulldown" (https://github.com/google/verible).
      7 syntax error, rejected "endmodule" (https://github.com/google/verible).
      9 syntax error, rejected "specify" (https://github.com/google/verible).
     10 syntax error, rejected "endspecify" (https://github.com/google/verible).
     13 syntax error, rejected "else" (https://github.com/google/verible).
     14 syntax error, rejected "`ifdef" (https://github.com/google/verible).
     24 syntax error, rejected "=" (https://github.com/google/verible).
     28 syntax error, rejected "`else" (https://github.com/google/verible).
     66 syntax error, rejected "<=" (https://github.com/google/verible).
    160 syntax error, rejected "$width" (https://github.com/google/verible).
    180 syntax error, rejected "$period" (https://github.com/google/verible).
    328 syntax error, rejected "end" (https://github.com/google/verible).
   4393 syntax error, rejected "(" (https://github.com/google/verible).
  10610 syntax error, rejected "$setuphold" (https://github.com/google/verible).
  12088 syntax error, rejected "assign" (https://github.com/google/verible).
